<?xml version="1.0" encoding="UTF-8"?>
<robot generator="Robot 7.0.1 (Python 3.12.3 on linux)" generated="2024-11-12T22:20:43.808986" rpa="false" schemaversion="5">
<suite id="s1" name="Tests" source="/free/Workspace/docker/webvm/examples/robot/tests">
<suite id="s1-s1" name="Suite" source="/free/Workspace/docker/webvm/examples/robot/tests/suite.robot">
<test id="s1-s1-t1" name="0001 Premier cas de Test" line="9">
<kw name="Afficher la Variable" owner="common">
<kw name="Log" owner="BuiltIn">
<msg time="2024-11-12T22:20:43.985010" level="INFO">'Bonjour !'</msg>
<arg>${texte}</arg>
<doc>Logs the given message with the given level.</doc>
<status status="PASS" start="2024-11-12T22:20:43.984278" elapsed="0.001513"/>
</kw>
<arg>${texte}</arg>
<status status="PASS" start="2024-11-12T22:20:43.978679" elapsed="0.007529"/>
</kw>
<kw name="Ecriture du fichier a" owner="common">
<kw name="Write" owner="Modbus">
<arg>${valeur}</arg>
<status status="PASS" start="2024-11-12T22:20:43.991034" elapsed="0.001377"/>
</kw>
<arg>3</arg>
<status status="PASS" start="2024-11-12T22:20:43.989092" elapsed="0.004243"/>
</kw>
<kw name="Lecture du fichier" owner="common">
<kw name="Read" owner="Modbus">
<msg time="2024-11-12T22:20:44.012369" level="INFO">${resultat} = </msg>
<var>${resultat}</var>
<status status="PASS" start="2024-11-12T22:20:44.001218" elapsed="0.011341"/>
</kw>
<return>
<value>${resultat}</value>
<status status="PASS" start="2024-11-12T22:20:44.012779" elapsed="0.000169"/>
</return>
<msg time="2024-11-12T22:20:44.013402" level="INFO">${result} = </msg>
<var>${result}</var>
<status status="PASS" start="2024-11-12T22:20:44.000306" elapsed="0.013208"/>
</kw>
<kw name="Afficher la Variable" owner="common">
<kw name="Log" owner="BuiltIn">
<msg time="2024-11-12T22:20:44.028054" level="INFO"/>
<arg>${texte}</arg>
<doc>Logs the given message with the given level.</doc>
<status status="PASS" start="2024-11-12T22:20:44.027415" elapsed="0.004551"/>
</kw>
<arg>${result}</arg>
<status status="PASS" start="2024-11-12T22:20:44.017160" elapsed="0.016932"/>
</kw>
<kw name="Verifier que ${result} vaut ${3}" owner="common" source_name="Verifier que ${value} vaut ${expected}">
<kw name="Should Be Equal As Integers" owner="BuiltIn">
<msg time="2024-11-12T22:20:44.045541" level="INFO">Argument types are:
&lt;class 'str'&gt;
&lt;class 'int'&gt;</msg>
<msg time="2024-11-12T22:20:44.046074" level="FAIL">'' cannot be converted to an integer: ValueError: invalid literal for int() with base 10: ''</msg>
<arg>${value}</arg>
<arg>${expected}</arg>
<doc>Fails if objects are unequal after converting them to integers.</doc>
<status status="FAIL" start="2024-11-12T22:20:44.044405" elapsed="0.006353">'' cannot be converted to an integer: ValueError: invalid literal for int() with base 10: ''</status>
</kw>
<status status="FAIL" start="2024-11-12T22:20:44.035510" elapsed="0.015997">'' cannot be converted to an integer: ValueError: invalid literal for int() with base 10: ''</status>
</kw>
<doc>test de démo</doc>
<tag>NonReg</tag>
<tag>Produit01</tag>
<status status="FAIL" start="2024-11-12T22:20:43.973412" elapsed="0.083308">'' cannot be converted to an integer: ValueError: invalid literal for int() with base 10: ''</status>
</test>
<status status="FAIL" start="2024-11-12T22:20:43.941303" elapsed="0.121603"/>
</suite>
<status status="FAIL" start="2024-11-12T22:20:43.815953" elapsed="0.274647"/>
</suite>
<statistics>
<total>
<stat pass="0" fail="1" skip="0">All Tests</stat>
</total>
<tag>
<stat pass="0" fail="1" skip="0">NonReg</stat>
<stat pass="0" fail="1" skip="0">Produit01</stat>
</tag>
<suite>
<stat pass="0" fail="1" skip="0" id="s1" name="Tests">Tests</stat>
<stat pass="0" fail="1" skip="0" id="s1-s1" name="Suite">Tests.Suite</stat>
</suite>
</statistics>
<errors>
</errors>
</robot>
